<?xml version="1.0" encoding="UTF-8"?>
<coverage generated="1708253731358" clover="3.2.0">
  <project timestamp="1708253731358" name="All files">
    <metrics statements="40" coveredstatements="39" conditionals="6" coveredconditionals="5" methods="7" coveredmethods="7" elements="53" coveredelements="51" complexity="0" loc="40" ncloc="40" packages="1" files="4" classes="4"/>
    <file name="count-reactions.js" path="C:\Users\Dell\Desktop\sentiment-detector\backend-sentinent\modules\count-reactions.js">
      <metrics statements="10" coveredstatements="10" conditionals="0" coveredconditionals="0" methods="2" coveredmethods="2"/>
      <line num="8" count="1" type="stmt"/>
      <line num="18" count="1" type="stmt"/>
      <line num="20" count="2" type="stmt"/>
      <line num="21" count="2" type="stmt"/>
      <line num="22" count="2" type="stmt"/>
      <line num="23" count="2" type="stmt"/>
      <line num="24" count="2" type="stmt"/>
      <line num="25" count="2" type="stmt"/>
      <line num="28" count="2" type="stmt"/>
      <line num="37" count="1" type="stmt"/>
    </file>
    <file name="emotion-summary.js" path="C:\Users\Dell\Desktop\sentiment-detector\backend-sentinent\modules\emotion-summary.js">
      <metrics statements="10" coveredstatements="10" conditionals="0" coveredconditionals="0" methods="2" coveredmethods="2"/>
      <line num="4" count="2" type="stmt"/>
      <line num="6" count="2" type="stmt"/>
      <line num="15" count="6" type="stmt"/>
      <line num="19" count="2" type="stmt"/>
      <line num="21" count="2" type="stmt"/>
      <line num="23" count="2" type="stmt"/>
      <line num="37" count="2" type="stmt"/>
      <line num="38" count="2" type="stmt"/>
      <line num="40" count="2" type="stmt"/>
      <line num="42" count="2" type="stmt"/>
    </file>
    <file name="feedback.js" path="C:\Users\Dell\Desktop\sentiment-detector\backend-sentinent\modules\feedback.js">
      <metrics statements="12" coveredstatements="12" conditionals="6" coveredconditionals="5" methods="2" coveredmethods="2"/>
      <line num="8" count="3" type="stmt"/>
      <line num="10" count="3" type="stmt"/>
      <line num="19" count="3" type="stmt"/>
      <line num="20" count="18" type="stmt"/>
      <line num="23" count="18" type="cond" truecount="1" falsecount="1"/>
      <line num="26" count="3" type="stmt"/>
      <line num="27" count="3" type="cond" truecount="2" falsecount="0"/>
      <line num="28" count="1" type="stmt"/>
      <line num="33" count="2" type="cond" truecount="2" falsecount="0"/>
      <line num="34" count="1" type="stmt"/>
      <line num="41" count="1" type="stmt"/>
      <line num="48" count="3" type="stmt"/>
    </file>
    <file name="get-posts-selected.js" path="C:\Users\Dell\Desktop\sentiment-detector\backend-sentinent\modules\get-posts-selected.js">
      <metrics statements="8" coveredstatements="7" conditionals="0" coveredconditionals="0" methods="1" coveredmethods="1"/>
      <line num="12" count="1" type="stmt"/>
      <line num="13" count="1" type="stmt"/>
      <line num="14" count="1" type="stmt"/>
      <line num="15" count="1" type="stmt"/>
      <line num="23" count="1" type="stmt"/>
      <line num="24" count="1" type="stmt"/>
      <line num="25" count="1" type="stmt"/>
      <line num="27" count="0" type="stmt"/>
    </file>
  </project>
</coverage>
