{"C:\\Users\\Dell\\Desktop\\sentiment-detector\\backend-sentinent\\modules\\count-reactions.js": {"path":"C:\\Users\\Dell\\Desktop\\sentiment-detector\\backend-sentinent\\modules\\count-reactions.js","statementMap":{"0":{"start":{"line":8,"column":27},"end":{"line":16,"column":3}},"1":{"start":{"line":18,"column":2},"end":{"line":35,"column":5}},"2":{"start":{"line":20,"column":4},"end":{"line":20,"column":65}},"3":{"start":{"line":21,"column":4},"end":{"line":21,"column":65}},"4":{"start":{"line":22,"column":4},"end":{"line":22,"column":65}},"5":{"start":{"line":23,"column":4},"end":{"line":23,"column":63}},"6":{"start":{"line":24,"column":4},"end":{"line":24,"column":63}},"7":{"start":{"line":25,"column":4},"end":{"line":25,"column":67}},"8":{"start":{"line":28,"column":4},"end":{"line":34,"column":39}},"9":{"start":{"line":37,"column":2},"end":{"line":37,"column":26}}},"fnMap":{"0":{"name":"countReactions","decl":{"start":{"line":7,"column":15},"end":{"line":7,"column":29}},"loc":{"start":{"line":7,"column":37},"end":{"line":38,"column":1}},"line":7},"1":{"name":"(anonymous_1)","decl":{"start":{"line":18,"column":16},"end":{"line":18,"column":17}},"loc":{"start":{"line":18,"column":26},"end":{"line":35,"column":3}},"line":18}},"branchMap":{},"s":{"0":1,"1":1,"2":2,"3":2,"4":2,"5":2,"6":2,"7":2,"8":2,"9":1},"f":{"0":1,"1":2},"b":{},"_coverageSchema":"1a1c01bbd47fc00a2c39e90264f33305004495a9","hash":"54fe216401cd90b5423e5962fc1793e8df99ec0a"}
,"C:\\Users\\Dell\\Desktop\\sentiment-detector\\backend-sentinent\\modules\\emotion-summary.js": {"path":"C:\\Users\\Dell\\Desktop\\sentiment-detector\\backend-sentinent\\modules\\emotion-summary.js","statementMap":{"0":{"start":{"line":4,"column":0},"end":{"line":4,"column":16}},"1":{"start":{"line":6,"column":14},"end":{"line":6,"column":57}},"2":{"start":{"line":15,"column":25},"end":{"line":17,"column":5}},"3":{"start":{"line":15,"column":46},"end":{"line":17,"column":3}},"4":{"start":{"line":19,"column":21},"end":{"line":19,"column":60}},"5":{"start":{"line":21,"column":16},"end":{"line":21,"column":63}},"6":{"start":{"line":23,"column":17},"end":{"line":35,"column":40}},"7":{"start":{"line":37,"column":17},"end":{"line":37,"column":52}},"8":{"start":{"line":38,"column":19},"end":{"line":38,"column":40}},"9":{"start":{"line":40,"column":17},"end":{"line":40,"column":32}},"10":{"start":{"line":42,"column":2},"end":{"line":42,"column":18}}},"fnMap":{"0":{"name":"generateEmotionsSummary","decl":{"start":{"line":14,"column":15},"end":{"line":14,"column":38}},"loc":{"start":{"line":14,"column":46},"end":{"line":43,"column":1}},"line":14},"1":{"name":"(anonymous_1)","decl":{"start":{"line":15,"column":35},"end":{"line":15,"column":36}},"loc":{"start":{"line":15,"column":46},"end":{"line":17,"column":3}},"line":15}},"branchMap":{},"s":{"0":2,"1":2,"2":2,"3":6,"4":2,"5":2,"6":2,"7":2,"8":2,"9":2,"10":2},"f":{"0":2,"1":6},"b":{},"_coverageSchema":"1a1c01bbd47fc00a2c39e90264f33305004495a9","hash":"e03a3e680350908aa6e75eae3adede20b1eeaa30"}
,"C:\\Users\\Dell\\Desktop\\sentiment-detector\\backend-sentinent\\modules\\feedback.js": {"path":"C:\\Users\\Dell\\Desktop\\sentiment-detector\\backend-sentinent\\modules\\feedback.js","statementMap":{"0":{"start":{"line":8,"column":19},"end":{"line":8,"column":20}},"1":{"start":{"line":10,"column":25},"end":{"line":17,"column":3}},"2":{"start":{"line":19,"column":2},"end":{"line":24,"column":5}},"3":{"start":{"line":20,"column":26},"end":{"line":21,"column":70}},"4":{"start":{"line":23,"column":4},"end":{"line":23,"column":70}},"5":{"start":{"line":26,"column":17},"end":{"line":26,"column":19}},"6":{"start":{"line":27,"column":2},"end":{"line":46,"column":3}},"7":{"start":{"line":28,"column":4},"end":{"line":32,"column":66}},"8":{"start":{"line":33,"column":9},"end":{"line":46,"column":3}},"9":{"start":{"line":34,"column":4},"end":{"line":39,"column":45}},"10":{"start":{"line":41,"column":4},"end":{"line":45,"column":65}},"11":{"start":{"line":48,"column":2},"end":{"line":48,"column":32}}},"fnMap":{"0":{"name":"getFeedback","decl":{"start":{"line":7,"column":15},"end":{"line":7,"column":26}},"loc":{"start":{"line":7,"column":45},"end":{"line":49,"column":1}},"line":7},"1":{"name":"(anonymous_1)","decl":{"start":{"line":19,"column":38},"end":{"line":19,"column":39}},"loc":{"start":{"line":19,"column":56},"end":{"line":24,"column":3}},"line":19}},"branchMap":{"0":{"loc":{"start":{"line":23,"column":19},"end":{"line":23,"column":52}},"type":"binary-expr","locations":[{"start":{"line":23,"column":19},"end":{"line":23,"column":47}},{"start":{"line":23,"column":51},"end":{"line":23,"column":52}}],"line":23},"1":{"loc":{"start":{"line":27,"column":2},"end":{"line":46,"column":3}},"type":"if","locations":[{"start":{"line":27,"column":2},"end":{"line":46,"column":3}},{"start":{"line":33,"column":9},"end":{"line":46,"column":3}}],"line":27},"2":{"loc":{"start":{"line":33,"column":9},"end":{"line":46,"column":3}},"type":"if","locations":[{"start":{"line":33,"column":9},"end":{"line":46,"column":3}},{"start":{"line":40,"column":9},"end":{"line":46,"column":3}}],"line":33}},"s":{"0":3,"1":3,"2":3,"3":18,"4":18,"5":3,"6":3,"7":1,"8":2,"9":1,"10":1,"11":3},"f":{"0":3,"1":18},"b":{"0":[18,0],"1":[1,2],"2":[1,1]},"_coverageSchema":"1a1c01bbd47fc00a2c39e90264f33305004495a9","hash":"4e8caeb2e6bfba792c7e6f6e41e336ee0c132d42"}
,"C:\\Users\\Dell\\Desktop\\sentiment-detector\\backend-sentinent\\modules\\get-posts-selected.js": {"path":"C:\\Users\\Dell\\Desktop\\sentiment-detector\\backend-sentinent\\modules\\get-posts-selected.js","statementMap":{"0":{"start":{"line":12,"column":2},"end":{"line":28,"column":3}},"1":{"start":{"line":13,"column":4},"end":{"line":13,"column":35}},"2":{"start":{"line":14,"column":20},"end":{"line":14,"column":38}},"3":{"start":{"line":15,"column":19},"end":{"line":21,"column":61}},"4":{"start":{"line":23,"column":19},"end":{"line":23,"column":34}},"5":{"start":{"line":24,"column":21},"end":{"line":24,"column":57}},"6":{"start":{"line":25,"column":4},"end":{"line":25,"column":20}},"7":{"start":{"line":27,"column":4},"end":{"line":27,"column":27}}},"fnMap":{"0":{"name":"getPostSelected","decl":{"start":{"line":11,"column":15},"end":{"line":11,"column":30}},"loc":{"start":{"line":11,"column":59},"end":{"line":29,"column":1}},"line":11}},"branchMap":{},"s":{"0":1,"1":1,"2":1,"3":1,"4":1,"5":1,"6":1,"7":0},"f":{"0":1},"b":{},"_coverageSchema":"1a1c01bbd47fc00a2c39e90264f33305004495a9","hash":"7332c6b09ca39d9aa08821405bef6907675a0fdc"}
}
