TN:
SF:modules\count-reactions.js
FN:7,countReactions
FN:18,(anonymous_1)
FNF:2
FNH:2
FNDA:1,countReactions
FNDA:2,(anonymous_1)
DA:8,1
DA:18,1
DA:20,2
DA:21,2
DA:22,2
DA:23,2
DA:24,2
DA:25,2
DA:28,2
DA:37,1
LF:10
LH:10
BRF:0
BRH:0
end_of_record
TN:
SF:modules\emotion-summary.js
FN:14,generateEmotionsSummary
FN:15,(anonymous_1)
FNF:2
FNH:2
FNDA:2,generateEmotionsSummary
FNDA:6,(anonymous_1)
DA:4,2
DA:6,2
DA:15,6
DA:19,2
DA:21,2
DA:23,2
DA:37,2
DA:38,2
DA:40,2
DA:42,2
LF:10
LH:10
BRF:0
BRH:0
end_of_record
TN:
SF:modules\feedback.js
FN:7,getFeedback
FN:19,(anonymous_1)
FNF:2
FNH:2
FNDA:3,getFeedback
FNDA:18,(anonymous_1)
DA:8,3
DA:10,3
DA:19,3
DA:20,18
DA:23,18
DA:26,3
DA:27,3
DA:28,1
DA:33,2
DA:34,1
DA:41,1
DA:48,3
LF:12
LH:12
BRDA:23,0,0,18
BRDA:23,0,1,0
BRDA:27,1,0,1
BRDA:27,1,1,2
BRDA:33,2,0,1
BRDA:33,2,1,1
BRF:6
BRH:5
end_of_record
TN:
SF:modules\get-posts-selected.js
FN:11,getPostSelected
FNF:1
FNH:1
FNDA:1,getPostSelected
DA:12,1
DA:13,1
DA:14,1
DA:15,1
DA:23,1
DA:24,1
DA:25,1
DA:27,0
LF:8
LH:7
BRF:0
BRH:0
end_of_record
